<?xml version="1.0" encoding="UTF-8"?>
<!-- Generated by org.testng.reporters.JUnitXMLReporter -->
<testsuite hostname="RJ7U81B5KZ5J9PW" ignored="0" name="Default test" tests="3" failures="0" timestamp="2021-08-13T13:40:00 CST" time="0.092" errors="0">
  <testcase name="testDivide on null(testng.NewTest)" time="0.017" classname="testng.NewTest"/>
  <testcase name="testMultiply on null(testng.NewTest)" time="0.003" classname="testng.NewTest"/>
  <testcase name="testSubstract on null(testng.NewTest)" time="0.002" classname="testng.NewTest"/>
</testsuite> <!-- Default test -->
