<?xml version="1.0" encoding="UTF-8"?>
<!-- Generated by org.testng.reporters.JUnitXMLReporter -->
<testsuite hostname="RJ7U81B5KZ5J9PW" ignored="0" name="Test" tests="3" failures="0" timestamp="2021-08-13T14:26:27 CST" time="0.109" errors="0">
  <testcase name="testDivide on null(testng.NewTest)" time="0.018" classname="testng.NewTest"/>
  <testcase name="testMultiply on null(testng.NewTest)" time="0.007" classname="testng.NewTest"/>
  <testcase name="testSubstract on null(testng.NewTest)" time="0.002" classname="testng.NewTest"/>
</testsuite> <!-- Test -->
