<?xml version="1.0" encoding="UTF-8"?>
<testng-results skipped="0" failed="0" ignored="0" total="3" passed="3">
  <reporter-output>
  </reporter-output>
  <suite name="Suite" duration-ms="109" started-at="2021-08-13T14:26:27 CST" finished-at="2021-08-13T14:26:27 CST">
    <groups>
    </groups>
    <test name="Test" duration-ms="109" started-at="2021-08-13T14:26:27 CST" finished-at="2021-08-13T14:26:27 CST">
      <class name="testng.NewTest">
        <test-method status="PASS" signature="testDivide()[pri:0, instance:null(testng.NewTest)]" name="testDivide" duration-ms="18" started-at="2021-08-13T14:26:27 CST" finished-at="2021-08-13T14:26:27 CST">
          <reporter-output>
          </reporter-output>
        </test-method> <!-- testDivide -->
        <test-method status="PASS" signature="testMultiply()[pri:0, instance:null(testng.NewTest)]" name="testMultiply" duration-ms="7" started-at="2021-08-13T14:26:27 CST" finished-at="2021-08-13T14:26:27 CST">
          <reporter-output>
          </reporter-output>
        </test-method> <!-- testMultiply -->
        <test-method status="PASS" signature="testSubstract()[pri:0, instance:null(testng.NewTest)]" name="testSubstract" duration-ms="2" started-at="2021-08-13T14:26:27 CST" finished-at="2021-08-13T14:26:27 CST">
          <reporter-output>
          </reporter-output>
        </test-method> <!-- testSubstract -->
      </class> <!-- testng.NewTest -->
    </test> <!-- Test -->
  </suite> <!-- Suite -->
</testng-results>
