<?xml version="1.0" encoding="UTF-8"?>
<testng-results skipped="0" failed="0" ignored="0" total="3" passed="3">
  <reporter-output>
  </reporter-output>
  <suite name="Default suite" duration-ms="154" started-at="2021-08-18T09:43:13 CST" finished-at="2021-08-18T09:43:13 CST">
    <groups>
    </groups>
    <test name="Default test" duration-ms="154" started-at="2021-08-18T09:43:13 CST" finished-at="2021-08-18T09:43:13 CST">
      <class name="cal.NewTest">
        <test-method status="PASS" signature="testDivide()[pri:0, instance:cal.NewTest@4f063c0a]" name="testDivide" duration-ms="22" started-at="2021-08-18T09:43:13 CST" finished-at="2021-08-18T09:43:13 CST">
          <reporter-output>
          </reporter-output>
        </test-method> <!-- testDivide -->
        <test-method status="PASS" signature="testMultiply()[pri:0, instance:cal.NewTest@4f063c0a]" name="testMultiply" duration-ms="5" started-at="2021-08-18T09:43:13 CST" finished-at="2021-08-18T09:43:13 CST">
          <reporter-output>
          </reporter-output>
        </test-method> <!-- testMultiply -->
        <test-method status="PASS" signature="testSubstract()[pri:0, instance:cal.NewTest@4f063c0a]" name="testSubstract" duration-ms="3" started-at="2021-08-18T09:43:13 CST" finished-at="2021-08-18T09:43:13 CST">
          <reporter-output>
          </reporter-output>
        </test-method> <!-- testSubstract -->
      </class> <!-- cal.NewTest -->
    </test> <!-- Default test -->
  </suite> <!-- Default suite -->
</testng-results>
